<?xml version="1.0" encoding="UTF-8"?>
<!-- Generated by org.testng.reporters.JUnitReportReporter -->
<testsuite skipped="0" hostname="5CG54423ZV" name="LocalDemo.L10nTest" tests="1" failures="0" timestamp="11 Oct 2020 18:06:29 GMT" time="83.052" errors="0">
  <testcase name="test" time="83.052" classname="LocalDemo.L10nTest"/>
</testsuite> <!-- LocalDemo.L10nTest -->
